<?xml version="1.0" encoding="UTF-8"?>
<!-- Generated by org.testng.reporters.JUnitReportReporter -->
<testsuite hostname="RAJU" failures="0" tests="1" name="utilities.ReadDataFromTestNGXmlTest" time="10.334" errors="0" timestamp="2024-08-31T09:11:13 IST" skipped="0">
  <testcase classname="utilities.ReadDataFromTestNGXmlTest" name="sampleTest" time="10.334"/>
</testsuite> <!-- utilities.ReadDataFromTestNGXmlTest -->
