<?xml version="1.0" encoding="UTF-8"?>
<!-- Generated by org.testng.reporters.JUnitReportReporter -->
<testsuite hostname="RAJU" failures="0" tests="1" name="proctice.orgtest.CreateContactWithMadatoryFields" time="14.837" errors="0" timestamp="2024-09-04T16:14:23 IST" skipped="0">
  <testcase classname="proctice.orgtest.CreateContactWithMadatoryFields" name="createOrganization" time="14.837"/>
</testsuite> <!-- proctice.orgtest.CreateContactWithMadatoryFields -->
