<?xml version="1.0" encoding="UTF-8"?>
<!-- Generated by org.testng.reporters.JUnitReportReporter -->
<testsuite hostname="RAJU" failures="0" tests="1" name="proctice.orgtest.CreateOrganizationVerifyPhoneNo" time="21.061" errors="0" timestamp="2024-09-04T14:52:54 IST" skipped="0">
  <testcase classname="proctice.orgtest.CreateOrganizationVerifyPhoneNo" name="createOrganizationVerifyPhoneNo" time="21.061"/>
</testsuite> <!-- proctice.orgtest.CreateOrganizationVerifyPhoneNo -->
