<?xml version="1.0" encoding="UTF-8"?>
<!-- Generated by org.testng.reporters.JUnitReportReporter -->
<testsuite hostname="RAJU" failures="0" tests="3" name="practice.testng.ContactTest1" time="0.021" errors="0" timestamp="2024-09-12T15:35:15 IST" skipped="0">
  <testcase classname="practice.testng.ContactTest1" name="deleteContactTest" time="0.003"/>
  <testcase classname="practice.testng.ContactTest1" name="modifyContactTest" time="0.003"/>
  <testcase classname="practice.testng.ContactTest1" name="createContactTest" time="0.015"/>
</testsuite> <!-- practice.testng.ContactTest1 -->
