<?xml version="1.0" encoding="UTF-8"?>
<!-- Generated by org.testng.reporters.JUnitReportReporter -->
<testsuite hostname="RAJU" failures="0" tests="1" name="task.Samsung" time="77.558" errors="0" timestamp="2024-09-28T09:30:31 IST" skipped="0">
  <testcase classname="task.Samsung" name="test" time="77.558"/>
</testsuite> <!-- task.Samsung -->
