<?xml version="1.0" encoding="UTF-8"?>
<!-- Generated by org.testng.reporters.JUnitReportReporter -->
<testsuite hostname="RAJU" failures="0" tests="1" name="proctice.orgtest.CreateContactWithSupportDate" time="14.817" errors="0" timestamp="2024-09-04T17:12:10 IST" skipped="0">
  <testcase classname="proctice.orgtest.CreateContactWithSupportDate" name="createOrganization" time="14.817"/>
</testsuite> <!-- proctice.orgtest.CreateContactWithSupportDate -->
