<?xml version="1.0" encoding="UTF-8"?>
<!-- Generated by org.testng.reporters.JUnitReportReporter -->
<testsuite hostname="RAJU" failures="0" tests="2" name="practice.testng.SampleTest" time="0.016" errors="0" timestamp="2024-09-12T14:59:34 IST" skipped="0">
  <testcase classname="practice.testng.SampleTest" name="createContactTest" time="0.012"/>
  <testcase classname="practice.testng.SampleTest" name="createContactWithOrgNameTest" time="0.004"/>
</testsuite> <!-- practice.testng.SampleTest -->
