<?xml version="1.0" encoding="UTF-8"?>
<!-- Generated by org.testng.reporters.JUnitReportReporter -->
<testsuite hostname="RAJU" failures="0" tests="2" name="practice.testng.OrderTest" time="0.012" errors="0" timestamp="2024-09-12T17:19:14 IST" skipped="0">
  <testcase classname="practice.testng.OrderTest" name="createOrderTest" time="0.001"/>
  <testcase classname="practice.testng.OrderTest" name="billingOrderTest" time="0.011"/>
</testsuite> <!-- practice.testng.OrderTest -->
