<?xml version="1.0" encoding="UTF-8"?>
<!-- Generated by org.testng.reporters.JUnitReportReporter -->
<testsuite hostname="RAJU" failures="0" tests="1" name="task.Test2" time="0.012" errors="0" timestamp="2024-09-26T17:15:41 IST" skipped="0">
  <testcase classname="task.Test2" name="test" time="0.012"/>
</testsuite> <!-- task.Test2 -->
