<?xml version="1.0" encoding="UTF-8"?>
<!-- Generated by org.testng.reporters.JUnitReportReporter -->
<testsuite hostname="RAJU" failures="0" tests="1" name="task.ProKabaddi" time="27.147" errors="0" timestamp="2024-09-29T16:08:37 IST" skipped="0">
  <testcase classname="task.ProKabaddi" name="rankingOfOdi" time="27.147"/>
</testsuite> <!-- task.ProKabaddi -->
