<?xml version="1.0" encoding="UTF-8"?>
<!-- Generated by org.testng.reporters.JUnitReportReporter -->
<testsuite hostname="RAJU" failures="0" tests="1" name="task.LaptopsAutoSuggetion" time="39.718" errors="0" timestamp="2024-09-28T19:59:37 IST" skipped="0">
  <testcase classname="task.LaptopsAutoSuggetion" name="laptops" time="39.718"/>
</testsuite> <!-- task.LaptopsAutoSuggetion -->
