<?xml version="1.0" encoding="UTF-8"?>
<!-- Generated by org.testng.reporters.JUnitReportReporter -->
<testsuite hostname="RAJU" failures="0" tests="1" name="proctice.orgtest.CreateOrganizationWithIndustryDropDown" time="20.874" errors="0" timestamp="2024-09-04T15:34:05 IST" skipped="0">
  <testcase classname="proctice.orgtest.CreateOrganizationWithIndustryDropDown" name="createOrganizationIndustry" time="20.874"/>
</testsuite> <!-- proctice.orgtest.CreateOrganizationWithIndustryDropDown -->
