<?xml version="1.0" encoding="UTF-8"?>
<!-- Generated by org.testng.reporters.JUnitReportReporter -->
<testsuite hostname="RAJU" failures="0" tests="1" name="task.ExecutionOrder4" time="0.007" errors="0" timestamp="2024-09-26T16:34:46 IST" skipped="0">
  <testcase classname="task.ExecutionOrder4" name="test" time="0.007"/>
</testsuite> <!-- task.ExecutionOrder4 -->
