<?xml version="1.0" encoding="UTF-8"?>
<!-- Generated by org.testng.reporters.JUnitReportReporter -->
<testsuite hostname="RAJU" failures="0" tests="1" name="task.ExecutionOrder2" time="0.015" errors="0" timestamp="2024-09-26T16:34:46 IST" skipped="0">
  <testcase classname="task.ExecutionOrder2" name="test" time="0.015"/>
</testsuite> <!-- task.ExecutionOrder2 -->
