<?xml version="1.0" encoding="UTF-8"?>
<!-- Generated by org.testng.reporters.JUnitReportReporter -->
<testsuite hostname="RAJU" failures="0" tests="1" name="proctice.orgtest.CreateContactWithOrgTest" time="30.657" errors="0" timestamp="2024-09-05T10:54:13 IST" skipped="0">
  <testcase classname="proctice.orgtest.CreateContactWithOrgTest" name="createOrganizationVerifyPhoneNo" time="30.657"/>
</testsuite> <!-- proctice.orgtest.CreateContactWithOrgTest -->
