<?xml version="1.0" encoding="UTF-8"?>
<!-- Generated by org.testng.reporters.JUnitReportReporter -->
<testsuite hostname="RAJU" failures="0" tests="1" name="task.ExecutionOrder1" time="0.002" errors="0" timestamp="2024-09-26T16:34:46 IST" skipped="0">
  <testcase classname="task.ExecutionOrder1" name="test" time="0.002"/>
</testsuite> <!-- task.ExecutionOrder1 -->
