<?xml version="1.0" encoding="UTF-8"?>
<!-- Generated by org.testng.reporters.JUnitReportReporter -->
<testsuite hostname="RAJU" failures="0" tests="1" name="task.Task" time="68.131" errors="0" timestamp="2024-09-28T09:34:41 IST" skipped="0">
  <testcase classname="task.Task" name="testBigBasket" time="68.131"/>
</testsuite> <!-- task.Task -->
