<?xml version="1.0" encoding="UTF-8"?>
<!-- Generated by org.testng.reporters.JUnitReportReporter -->
<testsuite hostname="RAJU" failures="0" tests="1" name="proctice.orgtest.CreateOrganizationTest" time="11.314" errors="0" timestamp="2024-09-04T12:15:24 IST" skipped="0">
  <testcase classname="proctice.orgtest.CreateOrganizationTest" name="createOrganization" time="11.314"/>
</testsuite> <!-- proctice.orgtest.CreateOrganizationTest -->
