<?xml version="1.0" encoding="UTF-8"?>
<!-- Generated by org.testng.reporters.JUnitReportReporter -->
<testsuite hostname="RAJU" failures="0" tests="1" name="task.Android13CheckBox" time="11.529" errors="0" timestamp="2024-09-28T15:23:12 IST" skipped="0">
  <testcase classname="task.Android13CheckBox" name="android13" time="11.529"/>
</testsuite> <!-- task.Android13CheckBox -->
