<?xml version="1.0" encoding="UTF-8"?>
<!-- Generated by org.testng.reporters.JUnitReportReporter -->
<testsuite hostname="RAJU" failures="0" tests="3" name="practice.testng.DataProviderCreateContactTest" time="0.016" errors="0" timestamp="2024-09-13T10:28:40 IST" skipped="0">
  <testcase classname="practice.testng.DataProviderCreateContactTest" name="createContactTest" time="0.013"/>
  <testcase classname="practice.testng.DataProviderCreateContactTest" name="createContactTest" time="0.001"/>
  <testcase classname="practice.testng.DataProviderCreateContactTest" name="createContactTest" time="0.002"/>
</testsuite> <!-- practice.testng.DataProviderCreateContactTest -->
