<?xml version="1.0" encoding="UTF-8"?>
<!-- Generated by org.testng.reporters.JUnitReportReporter -->
<testsuite hostname="RAJU" failures="0" tests="1" name="task.Cricbuzz_com" time="12.230" errors="0" timestamp="2024-09-29T15:54:21 IST" skipped="0">
  <testcase classname="task.Cricbuzz_com" name="menRankings" time="12.230"/>
</testsuite> <!-- task.Cricbuzz_com -->
