<?xml version="1.0" encoding="UTF-8"?>
<!-- Generated by org.testng.reporters.JUnitReportReporter -->
<testsuite hostname="RAJU" failures="0" tests="2" name="task.Execution" time="0.016" errors="0" timestamp="2024-09-26T16:19:33 IST" skipped="0">
  <testcase classname="task.Execution" name="test" time="0.011"/>
  <testcase classname="task.Execution" name="test1" time="0.005"/>
</testsuite> <!-- task.Execution -->
