<?xml version="1.0" encoding="UTF-8"?>
<!-- Generated by org.testng.reporters.JUnitReportReporter -->
<testsuite hostname="RAJU" failures="0" tests="1" name="utilities.JdbcUnitTestingWithbackEndvalidation" time="0.680" errors="0" timestamp="2024-09-02T16:41:20 IST" skipped="0">
  <testcase classname="utilities.JdbcUnitTestingWithbackEndvalidation" name="unitTesting" time="0.680"/>
</testsuite> <!-- utilities.JdbcUnitTestingWithbackEndvalidation -->
